<?xml version="1.0" encoding="UTF-8"?>
<testsuite xmlns:xsi="http://www.w3.org/2001/XMLSchema-instance" xsi:noNamespaceSchemaLocation="https://maven.apache.org/surefire/maven-surefire-plugin/xsd/surefire-test-report.xsd" version="3.0.2" name="galka.recipes.RecipesApplicationTests" time="1.994" tests="1" errors="0" skipped="0" failures="0">
  <properties>
[...]
</properties>
  <testcase name="contextLoads" classname="galka.recipes.RecipesApplicationTests" time="0.006">
    <system-out><![CDATA[14:23:18.359 [main] INFO org.springframework.test.context.support.AnnotationConfigContextLoaderUtils -- Could not detect default configuration classes for test class [galka.recipes.RecipesApplicationTests]: RecipesApplicationTests does not declare any static, non-private, non-final, nested classes annotated with @Configuration.
14:23:18.395 [main] INFO org.springframework.boot.test.context.SpringBootTestContextBootstrapper -- Found @SpringBootConfiguration galka.recipes.RecipesApplication for test class galka.recipes.RecipesApplicationTests
14:23:18.442 [main] INFO org.springframework.boot.devtools.restart.RestartApplicationListener -- Restart disabled due to context in which it is running

  .   ____          _            __ _ _
 /\\ / ___'_ __ _ _(_)_ __  __ _ \ \ \ \
( ( )\___ | '_ | '_| | '_ \/ _` | \ \ \ \
 \\/  ___)| |_)| | | | | || (_| |  ) ) ) )
  '  |____| .__|_| |_|_| |_\__, | / / / /
 =========|_|==============|___/=/_/_/_/

 :: Spring Boot ::                (v3.4.5)

2025-07-24T14:23:18.586+03:00  INFO 5230 --- [recipes] [           main] galka.recipes.RecipesApplicationTests    : Starting RecipesApplicationTests using Java 22.0.1 with PID 5230 (started by galinazbitneva in /Users/galinazbitneva/Documents/JAVA_projects/recipeProject)
2025-07-24T14:23:18.587+03:00  INFO 5230 --- [recipes] [           main] galka.recipes.RecipesApplicationTests    : No active profile set, falling back to 1 default profile: "default"
2025-07-24T14:23:18.909+03:00  INFO 5230 --- [recipes] [           main] .s.d.r.c.RepositoryConfigurationDelegate : Bootstrapping Spring Data JPA repositories in DEFAULT mode.
2025-07-24T14:23:18.932+03:00  INFO 5230 --- [recipes] [           main] .s.d.r.c.RepositoryConfigurationDelegate : Finished Spring Data repository scanning in 19 ms. Found 3 JPA repository interfaces.
2025-07-24T14:23:19.089+03:00  INFO 5230 --- [recipes] [           main] com.zaxxer.hikari.HikariDataSource       : HikariPool-1 - Starting...
2025-07-24T14:23:19.195+03:00  INFO 5230 --- [recipes] [           main] com.zaxxer.hikari.pool.HikariPool        : HikariPool-1 - Added connection conn0: url=jdbc:h2:mem:b1d31d4c-19e2-454a-ae7e-0947df66557f user=SA
2025-07-24T14:23:19.196+03:00  INFO 5230 --- [recipes] [           main] com.zaxxer.hikari.HikariDataSource       : HikariPool-1 - Start completed.
2025-07-24T14:23:19.226+03:00  INFO 5230 --- [recipes] [           main] o.hibernate.jpa.internal.util.LogHelper  : HHH000204: Processing PersistenceUnitInfo [name: default]
2025-07-24T14:23:19.256+03:00  INFO 5230 --- [recipes] [           main] org.hibernate.Version                    : HHH000412: Hibernate ORM core version 6.6.13.Final
2025-07-24T14:23:19.272+03:00  INFO 5230 --- [recipes] [           main] o.h.c.internal.RegionFactoryInitiator    : HHH000026: Second-level cache disabled
2025-07-24T14:23:19.334+03:00  INFO 5230 --- [recipes] [           main] o.s.o.j.p.SpringPersistenceUnitInfo      : No LoadTimeWeaver setup: ignoring JPA class transformer
2025-07-24T14:23:19.375+03:00  INFO 5230 --- [recipes] [           main] org.hibernate.orm.connections.pooling    : HHH10001005: Database info:
	Database JDBC URL [Connecting through datasource 'HikariDataSource (HikariPool-1)']
	Database driver: undefined/unknown
	Database version: 2.3.232
	Autocommit mode: undefined/unknown
	Isolation level: undefined/unknown
	Minimum pool size: undefined/unknown
	Maximum pool size: undefined/unknown
2025-07-24T14:23:19.791+03:00  INFO 5230 --- [recipes] [           main] o.h.e.t.j.p.i.JtaPlatformInitiator       : HHH000489: No JTA platform available (set 'hibernate.transaction.jta.platform' to enable JTA platform integration)
2025-07-24T14:23:19.818+03:00  INFO 5230 --- [recipes] [           main] j.LocalContainerEntityManagerFactoryBean : Initialized JPA EntityManagerFactory for persistence unit 'default'
2025-07-24T14:23:20.046+03:00  WARN 5230 --- [recipes] [           main] JpaBaseConfiguration$JpaWebConfiguration : spring.jpa.open-in-view is enabled by default. Therefore, database queries may be performed during view rendering. Explicitly configure spring.jpa.open-in-view to disable this warning
2025-07-24T14:23:20.055+03:00  INFO 5230 --- [recipes] [           main] o.s.b.a.w.s.WelcomePageHandlerMapping    : Adding welcome page template: index
2025-07-24T14:23:20.163+03:00  INFO 5230 --- [recipes] [           main] o.s.b.a.h2.H2ConsoleAutoConfiguration    : H2 console available at '/h2-console'. Database available at 'jdbc:h2:mem:b1d31d4c-19e2-454a-ae7e-0947df66557f'
2025-07-24T14:23:20.328+03:00  INFO 5230 --- [recipes] [           main] galka.recipes.RecipesApplicationTests    : Started RecipesApplicationTests in 1.89 seconds (process running for 3.178)
]]></system-out>
  </testcase>
</testsuite>