<?xml version="1.0" encoding="UTF-8"?>
<testsuite xmlns:xsi="http://www.w3.org/2001/XMLSchema-instance" xsi:noNamespaceSchemaLocation="https://maven.apache.org/surefire/maven-failsafe-plugin/xsd/failsafe-test-report.xsd" version="3.0.2" name="galka.recipes.repositories.UnitOfMeasureRepositoryIT" time="1.906" tests="1" errors="0" skipped="0" failures="0">
  <properties>
[...]
</properties>
  <testcase name="findByDescription" classname="galka.recipes.repositories.UnitOfMeasureRepositoryIT" time="0.374">
    <system-out><![CDATA[14:23:21.037 [main] INFO org.springframework.test.context.support.AnnotationConfigContextLoaderUtils -- Could not detect default configuration classes for test class [galka.recipes.repositories.UnitOfMeasureRepositoryIT]: UnitOfMeasureRepositoryIT does not declare any static, non-private, non-final, nested classes annotated with @Configuration.
14:23:21.092 [main] INFO org.springframework.boot.test.context.SpringBootTestContextBootstrapper -- Found @SpringBootConfiguration galka.recipes.RecipesApplication for test class galka.recipes.repositories.UnitOfMeasureRepositoryIT
14:23:21.125 [main] INFO org.springframework.boot.devtools.restart.RestartApplicationListener -- Restart disabled due to context in which it is running

  .   ____          _            __ _ _
 /\\ / ___'_ __ _ _(_)_ __  __ _ \ \ \ \
( ( )\___ | '_ | '_| | '_ \/ _` | \ \ \ \
 \\/  ___)| |_)| | | | | || (_| |  ) ) ) )
  '  |____| .__|_| |_|_| |_\__, | / / / /
 =========|_|==============|___/=/_/_/_/

 :: Spring Boot ::                (v3.4.5)

2025-07-24T14:23:21.300+03:00  INFO 5239 --- [recipes] [           main] g.r.r.UnitOfMeasureRepositoryIT          : Starting UnitOfMeasureRepositoryIT using Java 22.0.1 with PID 5239 (started by galinazbitneva in /Users/galinazbitneva/Documents/JAVA_projects/recipeProject)
2025-07-24T14:23:21.301+03:00  INFO 5239 --- [recipes] [           main] g.r.r.UnitOfMeasureRepositoryIT          : No active profile set, falling back to 1 default profile: "default"
2025-07-24T14:23:21.456+03:00  INFO 5239 --- [recipes] [           main] .s.d.r.c.RepositoryConfigurationDelegate : Bootstrapping Spring Data JPA repositories in DEFAULT mode.
2025-07-24T14:23:21.486+03:00  INFO 5239 --- [recipes] [           main] .s.d.r.c.RepositoryConfigurationDelegate : Finished Spring Data repository scanning in 24 ms. Found 3 JPA repository interfaces.
2025-07-24T14:23:21.522+03:00  INFO 5239 --- [recipes] [           main] beddedDataSourceBeanFactoryPostProcessor : Replacing 'dataSource' DataSource bean with embedded version
2025-07-24T14:23:21.563+03:00  INFO 5239 --- [recipes] [           main] o.s.j.d.e.EmbeddedDatabaseFactory        : Starting embedded database: url='jdbc:h2:mem:8b86b73e-d412-4d57-b5b9-1f298d6cb928;DB_CLOSE_DELAY=-1;DB_CLOSE_ON_EXIT=false', username='sa'
2025-07-24T14:23:21.693+03:00  INFO 5239 --- [recipes] [           main] o.hibernate.jpa.internal.util.LogHelper  : HHH000204: Processing PersistenceUnitInfo [name: default]
2025-07-24T14:23:21.711+03:00  INFO 5239 --- [recipes] [           main] org.hibernate.Version                    : HHH000412: Hibernate ORM core version 6.6.13.Final
2025-07-24T14:23:21.725+03:00  INFO 5239 --- [recipes] [           main] o.h.c.internal.RegionFactoryInitiator    : HHH000026: Second-level cache disabled
2025-07-24T14:23:21.850+03:00  INFO 5239 --- [recipes] [           main] o.s.o.j.p.SpringPersistenceUnitInfo      : No LoadTimeWeaver setup: ignoring JPA class transformer
2025-07-24T14:23:21.882+03:00  INFO 5239 --- [recipes] [           main] org.hibernate.orm.connections.pooling    : HHH10001005: Database info:
	Database JDBC URL [Connecting through datasource 'org.springframework.jdbc.datasource.embedded.EmbeddedDatabaseFactory$EmbeddedDataSourceProxy@19ad75e5']
	Database driver: undefined/unknown
	Database version: 2.3.232
	Autocommit mode: undefined/unknown
	Isolation level: undefined/unknown
	Minimum pool size: undefined/unknown
	Maximum pool size: undefined/unknown
2025-07-24T14:23:22.306+03:00  INFO 5239 --- [recipes] [           main] o.h.e.t.j.p.i.JtaPlatformInitiator       : HHH000489: No JTA platform available (set 'hibernate.transaction.jta.platform' to enable JTA platform integration)
Hibernate: drop table if exists category cascade 
Hibernate: drop table if exists ingredient cascade 
Hibernate: drop table if exists notes cascade 
Hibernate: drop table if exists recipe cascade 
Hibernate: drop table if exists recipe_category cascade 
Hibernate: drop table if exists unit_of_measure cascade 
Hibernate: create table category (id bigint generated by default as identity, description varchar(255), primary key (id))
Hibernate: create table ingredient (amount numeric(38,2), id bigint generated by default as identity, recipe_id bigint, uom_id bigint, description varchar(255), primary key (id))
Hibernate: create table notes (id bigint generated by default as identity, recipe_id bigint unique, recipe_notes clob, primary key (id))
Hibernate: create table recipe (cook_time integer, prep_time integer, servings integer, id bigint generated by default as identity, notes_id bigint unique, description varchar(255), source varchar(255), url varchar(255), difficulty enum ('EASY','HARD','KIND_OF_HARD','MODERATE'), directions clob, image blob, primary key (id))
Hibernate: create table recipe_category (category_id bigint not null, recipe_id bigint not null, primary key (category_id, recipe_id))
Hibernate: create table unit_of_measure (id bigint generated by default as identity, description varchar(255), primary key (id))
Hibernate: alter table if exists ingredient add constraint FKj0s4ywmqqqw4h5iommigh5yja foreign key (recipe_id) references recipe
Hibernate: alter table if exists ingredient add constraint FK6iv5l89qmitedn5m2a71kta2t foreign key (uom_id) references unit_of_measure
Hibernate: alter table if exists notes add constraint FKdbfsiv21ocsbt63sd6fg0t3c8 foreign key (recipe_id) references recipe
Hibernate: alter table if exists recipe add constraint FK37al6kcbdasgfnut9xokktie9 foreign key (notes_id) references notes
Hibernate: alter table if exists recipe_category add constraint FKqsi87i8d4qqdehlv2eiwvpwb foreign key (category_id) references category
Hibernate: alter table if exists recipe_category add constraint FKcqlqnvfyarhieewfeayk3v25v foreign key (recipe_id) references recipe
2025-07-24T14:23:22.334+03:00  INFO 5239 --- [recipes] [           main] j.LocalContainerEntityManagerFactoryBean : Initialized JPA EntityManagerFactory for persistence unit 'default'
2025-07-24T14:23:22.498+03:00  INFO 5239 --- [recipes] [           main] g.r.r.UnitOfMeasureRepositoryIT          : Started UnitOfMeasureRepositoryIT in 1.377 seconds (process running for 1.778)
Hibernate: select uom1_0.id,uom1_0.description from unit_of_measure uom1_0 where uom1_0.description=?
]]></system-out>
    <system-err><![CDATA[Mockito is currently self-attaching to enable the inline-mock-maker. This will no longer work in future releases of the JDK. Please add Mockito as an agent to your build what is described in Mockito's documentation: https://javadoc.io/doc/org.mockito/mockito-core/latest/org/mockito/Mockito.html#0.3
WARNING: A Java agent has been loaded dynamically (/Users/galinazbitneva/.m2/repository/net/bytebuddy/byte-buddy-agent/1.15.11/byte-buddy-agent-1.15.11.jar)
WARNING: If a serviceability tool is in use, please run with -XX:+EnableDynamicAgentLoading to hide this warning
WARNING: If a serviceability tool is not in use, please run with -Djdk.instrument.traceUsage for more information
WARNING: Dynamic loading of agents will be disallowed by default in a future release
]]></system-err>
  </testcase>
</testsuite>